CRITICAL - 2025-09-13 15:58:59 --> Error: Call to undefined method App\Controllers\Api\PropertyOwnerController::respond()
[Method: GET, Route: api/urban-renewals/1/property-owners]
in APPPATH/Controllers/Api/PropertyOwnerController.php on line 40.
 1 SYSTEMPATH/CodeIgniter.php(933): App\Controllers\Api\PropertyOwnerController->getByUrbanRenewal('1')
 2 SYSTEMPATH/CodeIgniter.php(507): CodeIgniter\CodeIgniter->runController(Object(App\Controllers\Api\PropertyOwnerController))
 3 SYSTEMPATH/CodeIgniter.php(354): CodeIgniter\CodeIgniter->handleRequest(null, Object(Config\Cache), false)
 4 SYSTEMPATH/Boot.php(363): CodeIgniter\CodeIgniter->run()
 5 SYSTEMPATH/Boot.php(68): CodeIgniter\Boot::runCodeIgniter(Object(CodeIgniter\CodeIgniter))
 6 FCPATH/index.php(59): CodeIgniter\Boot::bootWeb(Object(Config\Paths))
CRITICAL - 2025-09-13 15:59:17 --> ErrorException: Declaration of App\Controllers\Api\PropertyOwnerController::show($id): CodeIgniter\HTTP\ResponseInterface must be compatible with CodeIgniter\RESTful\ResourceController::show($id = null)
[Method: GET, Route: api/urban-renewals/1/property-owners]
in APPPATH/Controllers/Api/PropertyOwnerController.php on line 81.
 1 [internal function]: CodeIgniter\Debug\Exceptions->shutdownHandler()
ERROR - 2025-09-13 16:00:09 --> Error creating property owner: Failed to parse JSON string. Error: Malformed UTF-8 characters, possibly incorrectly encoded
ERROR - 2025-09-13 16:01:33 --> mysqli_sql_exception: Unknown column 'owner_name' in 'INSERT INTO' in /var/www/html/vendor/codeigniter4/framework/system/Database/MySQLi/Connection.php:327
Stack trace:
#0 /var/www/html/vendor/codeigniter4/framework/system/Database/MySQLi/Connection.php(327): mysqli->query('INSERT INTO `pr...', 0)
#1 /var/www/html/vendor/codeigniter4/framework/system/Database/BaseConnection.php(729): CodeIgniter\Database\MySQLi\Connection->execute('INSERT INTO `pr...')
#2 /var/www/html/vendor/codeigniter4/framework/system/Database/BaseConnection.php(646): CodeIgniter\Database\BaseConnection->simpleQuery('INSERT INTO `pr...')
#3 /var/www/html/vendor/codeigniter4/framework/system/Database/BaseBuilder.php(2345): CodeIgniter\Database\BaseConnection->query('INSERT INTO `pr...', Array, false)
#4 /var/www/html/vendor/codeigniter4/framework/system/Model.php(394): CodeIgniter\Database\BaseBuilder->insert()
#5 /var/www/html/vendor/codeigniter4/framework/system/BaseModel.php(838): CodeIgniter\Model->doInsert(Array)
#6 /var/www/html/vendor/codeigniter4/framework/system/Model.php(797): CodeIgniter\BaseModel->insert(Array, true)
#7 /var/www/html/app/Controllers/Api/PropertyOwnerController.php(157): CodeIgniter\Model->insert(Array)
#8 /var/www/html/vendor/codeigniter4/framework/system/CodeIgniter.php(933): App\Controllers\Api\PropertyOwnerController->create()
#9 /var/www/html/vendor/codeigniter4/framework/system/CodeIgniter.php(507): CodeIgniter\CodeIgniter->runController(Object(App\Controllers\Api\PropertyOwnerController))
#10 /var/www/html/vendor/codeigniter4/framework/system/CodeIgniter.php(354): CodeIgniter\CodeIgniter->handleRequest(NULL, Object(Config\Cache), false)
#11 /var/www/html/vendor/codeigniter4/framework/system/Boot.php(363): CodeIgniter\CodeIgniter->run()
#12 /var/www/html/vendor/codeigniter4/framework/system/Boot.php(68): CodeIgniter\Boot::runCodeIgniter(Object(CodeIgniter\CodeIgniter))
#13 /var/www/html/public/index.php(59): CodeIgniter\Boot::bootWeb(Object(Config\Paths))
#14 {main}
